Build started 2016/3/13 11:07:45.
     1>Project "G:\Study\Computer Vision\IndoorNavigation\Corridor Line Method\Code\LSD_Corr_line\LSD_Select_Long\LSD_Select_Long.vcxproj" on node 2 (Build target(s)).
     1>ClCompile:
         D:\Program_Programming\VS2013_Community\VC\bin\x86_amd64\CL.exe /c /IG:\Study\OpenCV3\opencv\build\x64\vc12\..\..\include /Zi /nologo /W3 /WX- /sdl /Od /D _MBCS /Gm /EHsc /RTC1 /MDd /GS /fp:precise /Zc:wchar_t /Zc:forScope /Fo"x64\Debug\\" /Fd"x64\Debug\vc120.pdb" /Gd /TP /errorReport:prompt CorrLineDetector.cpp
         CorrLineDetector.cpp
     1>G:\Study\OpenCV3\opencv\build\include\opencv2/core/mat.hpp(1965): warning C4819: The file contains a character that cannot be represented in the current code page (936). Save the file in Unicode format to prevent data loss
     1>G:\Study\OpenCV3\opencv\build\include\opencv2/core/persistence.hpp : warning C4819: The file contains a character that cannot be represented in the current code page (936). Save the file in Unicode format to prevent data loss
     1>G:\Study\OpenCV3\opencv\build\include\opencv2/core/utility.hpp : warning C4819: The file contains a character that cannot be represented in the current code page (936). Save the file in Unicode format to prevent data loss
     1>CorrLineDetector.cpp(94): warning C4244: '=' : conversion from 'float' to 'int', possible loss of data
     1>CorrLineDetector.cpp(95): warning C4244: '=' : conversion from 'float' to 'unsigned int', possible loss of data
     1>CorrLineDetector.cpp(96): warning C4244: '=' : conversion from 'float' to 'unsigned int', possible loss of data
     1>CorrLineDetector.cpp(97): warning C4244: '=' : conversion from 'float' to 'unsigned int', possible loss of data
     1>CorrLineDetector.cpp(98): warning C4244: '=' : conversion from 'float' to 'unsigned int', possible loss of data
     1>CorrLineDetector.cpp(104): warning C4244: 'initializing' : conversion from 'float' to 'unsigned int', possible loss of data
     1>CorrLineDetector.cpp(108): warning C4244: '=' : conversion from 'float' to 'unsigned int', possible loss of data
     1>CorrLineDetector.cpp(109): warning C4244: '=' : conversion from 'float' to 'unsigned int', possible loss of data
     1>CorrLineDetector.cpp(110): warning C4244: '=' : conversion from 'float' to 'unsigned int', possible loss of data
     1>CorrLineDetector.cpp(111): warning C4244: '=' : conversion from 'float' to 'unsigned int', possible loss of data
     1>CorrLineDetector.cpp(112): warning C4244: '=' : conversion from 'float' to 'unsigned int', possible loss of data
     1>g:\study\computer vision\indoornavigation\corridor line method\code\lsd_corr_line\lsd_select_long\corrlinedetector.cpp(43): warning C4715: 'CorrLineDetector::InitCamPose' : not all control paths return a value
       Link:
         D:\Program_Programming\VS2013_Community\VC\bin\x86_amd64\link.exe /ERRORREPORT:PROMPT /OUT:"G:\Study\Computer Vision\IndoorNavigation\Corridor Line Method\Code\LSD_Corr_line\x64\Debug\LSD_Select_Long.exe" /INCREMENTAL /NOLOGO /LIBPATH:G:\Study\OpenCV3\opencv\build\x64\vc12\lib opencv_world310d.lib kernel32.lib user32.lib gdi32.lib winspool.lib comdlg32.lib advapi32.lib shell32.lib ole32.lib oleaut32.lib uuid.lib odbc32.lib odbccp32.lib /MANIFEST /MANIFESTUAC:"level='asInvoker' uiAccess='false'" /manifest:embed /DEBUG /PDB:"G:\Study\Computer Vision\IndoorNavigation\Corridor Line Method\Code\LSD_Corr_line\x64\Debug\LSD_Select_Long.pdb" /TLBID:1 /DYNAMICBASE /NXCOMPAT /IMPLIB:"G:\Study\Computer Vision\IndoorNavigation\Corridor Line Method\Code\LSD_Corr_line\x64\Debug\LSD_Select_Long.lib" /MACHINE:X64 x64\Debug\CorrLineDetector.obj
         x64\Debug\LineMerger.obj
         x64\Debug\main.obj
         x64\Debug\main_funcs.obj
         LSD_Select_Long.vcxproj -> G:\Study\Computer Vision\IndoorNavigation\Corridor Line Method\Code\LSD_Corr_line\x64\Debug\LSD_Select_Long.exe
     1>Done Building Project "G:\Study\Computer Vision\IndoorNavigation\Corridor Line Method\Code\LSD_Corr_line\LSD_Select_Long\LSD_Select_Long.vcxproj" (Build target(s)).

Build succeeded.

Time Elapsed 00:00:01.59
